<?xml version="1.0" encoding="UTF-8"?>
<!-- Generated by org.testng.reporters.JUnitReportReporter -->
<testsuite hostname="rajasekhar-VirtualBox" failures="0" tests="1" name="FirstTestCase" time="5.734" errors="0" timestamp="8 Sep 2020 19:32:30 GMT">
  <testcase classname="FirstTestCase" name="login" time="5.734"/>
</testsuite> <!-- FirstTestCase -->
