<?xml version="1.0" encoding="UTF-8"?>
<!-- Generated by org.testng.reporters.JUnitReportReporter -->
<testsuite hostname="rajasekhar-VirtualBox" failures="0" tests="1" name="FirstTestCase" time="2.928" errors="0" timestamp="8 Sep 2020 19:15:33 GMT">
  <testcase classname="FirstTestCase" name="login" time="2.928"/>
</testsuite> <!-- FirstTestCase -->
