<?xml version="1.0" encoding="UTF-8"?>
<!-- Generated by org.testng.reporters.JUnitReportReporter -->
<testsuite hostname="rajasekhar-VirtualBox" failures="0" tests="3" name="SecondTest" time="0.032" errors="0" timestamp="8 Sep 2020 19:32:30 GMT">
  <testcase classname="SecondTest" name="teardown" time="0.000"/>
  <testcase classname="SecondTest" name="login" time="0.022"/>
  <testcase classname="SecondTest" name="setup" time="0.010"/>
</testsuite> <!-- SecondTest -->
